Using pre-set license
Built from '2020.3/staging' branch; Version is '2020.3.17f1 (a4537701e4ab) revision 10769271'; Using compiler version '192528614'; Build Type 'Release'
OS: 'Windows 10 Home; OS build 19045.2965; Version 2009; 64bit' Language: 'ko' Physical Memory: 16293 MB
BatchMode: 1, IsHumanControllingUs: 0, StartBugReporterOnCrash: 0, Is64bit: 1, IsPro: 0

COMMAND LINE ARGUMENTS:
C:\Program Files\Unity\Hub\Editor\2020.3.17f1\Editor\Unity.exe
-adb2
-batchMode
-noUpm
-name
AssetImportWorker0
-projectPath
C:/Users/jsh99/Desktop/capstone/dotW
-logFile
Logs/AssetImportWorker0.log
-srvPort
55691
Successfully changed project path to: C:/Users/jsh99/Desktop/capstone/dotW
C:/Users/jsh99/Desktop/capstone/dotW
Using Asset Import Pipeline V2.
Refreshing native plugins compatible for Editor in 67.73 ms, found 2 plugins.
Preloading 0 native plugins for Editor in 0.00 ms.
Initialize engine version: 2020.3.17f1 (a4537701e4ab)
[Subsystems] Discovering subsystems at path C:/Program Files/Unity/Hub/Editor/2020.3.17f1/Editor/Data/Resources/UnitySubsystems
[Subsystems] Discovering subsystems at path C:/Users/jsh99/Desktop/capstone/dotW/Assets
GfxDevice: creating device client; threaded=0
Direct3D:
    Version:  Direct3D 11.0 [level 11.1]
    Renderer: NVIDIA GeForce GTX 1050 (ID=0x1c8d)
    Vendor:   
    VRAM:     4020 MB
    Driver:   31.0.15.3598
Initialize mono
Mono path[0] = 'C:/Program Files/Unity/Hub/Editor/2020.3.17f1/Editor/Data/Managed'
Mono path[1] = 'C:/Program Files/Unity/Hub/Editor/2020.3.17f1/Editor/Data/MonoBleedingEdge/lib/mono/unityjit'
Mono config path = 'C:/Program Files/Unity/Hub/Editor/2020.3.17f1/Editor/Data/MonoBleedingEdge/etc'
Using monoOptions --debugger-agent=transport=dt_socket,embedding=1,server=y,suspend=n,address=127.0.0.1:56656
Begin MonoManager ReloadAssembly
Registering precompiled unity dll's ...
Register platform support module: C:/Program Files/Unity/Hub/Editor/2020.3.17f1/Editor/Data/PlaybackEngines/WindowsStandaloneSupport/UnityEditor.WindowsStandalone.Extensions.dll
Registered in 0.002089 seconds.
Native extension for WindowsStandalone target not found
Refreshing native plugins compatible for Editor in 49.43 ms, found 2 plugins.
Preloading 0 native plugins for Editor in 0.00 ms.
Mono: successfully reloaded assembly
- Completed reload, in  2.884 seconds
Domain Reload Profiling:
	ReloadAssembly (2884ms)
		BeginReloadAssembly (67ms)
			ExecutionOrderSort (0ms)
			DisableScriptedObjects (0ms)
			BackupInstance (0ms)
			ReleaseScriptingObjects (0ms)
			CreateAndSetChildDomain (1ms)
		EndReloadAssembly (431ms)
			LoadAssemblies (64ms)
			RebuildTransferFunctionScriptingTraits (0ms)
			SetupTypeCache (157ms)
			ReleaseScriptCaches (0ms)
			RebuildScriptCaches (32ms)
			SetupLoadedEditorAssemblies (175ms)
				LogAssemblyErrors (0ms)
				InitializePlatformSupportModulesInManaged (4ms)
				SetLoadedEditorAssemblies (0ms)
				RefreshPlugins (50ms)
				BeforeProcessingInitializeOnLoad (16ms)
				ProcessInitializeOnLoadAttributes (78ms)
				ProcessInitializeOnLoadMethodAttributes (27ms)
				AfterProcessingInitializeOnLoad (0ms)
				EditorAssembliesLoaded (0ms)
			ExecutionOrderSort2 (0ms)
			AwakeInstancesAfterBackupRestoration (0ms)
Platform modules already initialized, skipping
Registering precompiled user dll's ...
Registered in 0.009848 seconds.
Begin MonoManager ReloadAssembly
Native extension for WindowsStandalone target not found
Refreshing native plugins compatible for Editor in 0.61 ms, found 2 plugins.
Preloading 0 native plugins for Editor in 0.00 ms.
Mono: successfully reloaded assembly
- Completed reload, in  1.225 seconds
Domain Reload Profiling:
	ReloadAssembly (1226ms)
		BeginReloadAssembly (150ms)
			ExecutionOrderSort (0ms)
			DisableScriptedObjects (5ms)
			BackupInstance (0ms)
			ReleaseScriptingObjects (0ms)
			CreateAndSetChildDomain (19ms)
		EndReloadAssembly (1008ms)
			LoadAssemblies (94ms)
			RebuildTransferFunctionScriptingTraits (0ms)
			SetupTypeCache (353ms)
			ReleaseScriptCaches (0ms)
			RebuildScriptCaches (56ms)
			SetupLoadedEditorAssemblies (390ms)
				LogAssemblyErrors (0ms)
				InitializePlatformSupportModulesInManaged (5ms)
				SetLoadedEditorAssemblies (0ms)
				RefreshPlugins (1ms)
				BeforeProcessingInitializeOnLoad (91ms)
				ProcessInitializeOnLoadAttributes (269ms)
				ProcessInitializeOnLoadMethodAttributes (13ms)
				AfterProcessingInitializeOnLoad (10ms)
				EditorAssembliesLoaded (0ms)
			ExecutionOrderSort2 (0ms)
			AwakeInstancesAfterBackupRestoration (10ms)
Platform modules already initialized, skipping
========================================================================
Worker process is ready to serve import requests
Launched and connected shader compiler UnityShaderCompiler.exe after 0.08 seconds
Refreshing native plugins compatible for Editor in 1.10 ms, found 2 plugins.
Preloading 0 native plugins for Editor in 0.00 ms.
Unloading 2091 Unused Serialized files (Serialized files now loaded: 0)
System memory in use before: 97.0 MB.
System memory in use after: 97.1 MB.

Unloading 33 unused Assets to reduce memory usage. Loaded Objects now: 2514.
Total: 6.268400 ms (FindLiveObjects: 0.413800 ms CreateObjectMapping: 0.171500 ms MarkObjects: 5.565400 ms  DeleteObjects: 0.115600 ms)

AssetImportParameters requested are different than current active one (requested -> active):
  custom:framework-win-MediaFoundation: 216162199b28c13a410421893ffa2e32 -> 
  custom:video-decoder-ogg-theora: a1e56fd34408186e4bbccfd4996cb3dc -> 
  custom:container-muxer-webm: aa71ff27fc2769a1b78a27578f13a17b -> 
  custom:container-demuxer-webm: 4f35f7cbe854078d1ac9338744f61a02 -> 
  custom:container-demuxer-ogg: 62fdf1f143b41e24485cea50d1cbac27 -> 
  custom:video-encoder-webm-vp8: eb34c28f22e8b96e1ab97ce403110664 -> 
  custom:video-decoder-webm-vp8: 9c59270c3fd7afecdb556c50c9e8de78 -> 
  custom:audio-decoder-ogg-vorbis: bf7c407c2cedff20999df2af8eb42d56 -> 
  custom:audio-encoder-webm-vorbis: bf7c407c2cedff20999df2af8eb42d56 -> 
========================================================================
Received Import Request.
  path: Assets/frogModel.obj
  artifactKey: Guid(4e568b3e0dd0549d293699fd3238c209) Importer(815301076,1909f56bfc062723c751e8b465ee728b)
Start importing Assets/frogModel.obj using Guid(4e568b3e0dd0549d293699fd3238c209) Importer(815301076,1909f56bfc062723c751e8b465ee728b)  -> (artifact id: 'bbdf50edd544ec92e66955210d53d0d4') in 0.683095 seconds 
  Import took 0.688087 seconds .

========================================================================
Received Import Request.
  Time since last request: 0.000280 seconds.
  path: Assets/Exit_botten.png
  artifactKey: Guid(ffc3b3dab6fc147c181470497451a74a) Importer(815301076,1909f56bfc062723c751e8b465ee728b)
Start importing Assets/Exit_botten.png using Guid(ffc3b3dab6fc147c181470497451a74a) Importer(815301076,1909f56bfc062723c751e8b465ee728b)  -> (artifact id: 'a14a41c5077476c6940910648559d932') in 0.029720 seconds 
  Import took 0.034207 seconds .

========================================================================
Received Import Request.
  Time since last request: 0.000216 seconds.
  path: Assets/frog_model.obj
  artifactKey: Guid(45d49120e5bb34d77adb9928118763c4) Importer(815301076,1909f56bfc062723c751e8b465ee728b)
Start importing Assets/frog_model.obj using Guid(45d49120e5bb34d77adb9928118763c4) Importer(815301076,1909f56bfc062723c751e8b465ee728b)  -> (artifact id: '3999e1887f02a0c29e1ee5ad3afc9e3e') in 0.059856 seconds 
  Import took 0.064759 seconds .

========================================================================
Received Import Request.
  Time since last request: 0.000278 seconds.
  path: Assets/frog_3.FBX
  artifactKey: Guid(faee3c8e2971d4f14a86e5d7c74e5508) Importer(815301076,1909f56bfc062723c751e8b465ee728b)
Start importing Assets/frog_3.FBX using Guid(faee3c8e2971d4f14a86e5d7c74e5508) Importer(815301076,1909f56bfc062723c751e8b465ee728b)  -> (artifact id: '93bb0d68f925cd98e772d51db8a2136c') in 0.159901 seconds 
  Import took 0.164994 seconds .

========================================================================
Received Import Request.
  Time since last request: 0.000344 seconds.
  path: Assets/frog_FBX_test9.FBX
  artifactKey: Guid(ded8ab6e955084d56946c548071be942) Importer(815301076,1909f56bfc062723c751e8b465ee728b)
Start importing Assets/frog_FBX_test9.FBX using Guid(ded8ab6e955084d56946c548071be942) Importer(815301076,1909f56bfc062723c751e8b465ee728b)  -> (artifact id: '44fc0442f693eb90ebc658fe2a707933') in 0.292897 seconds 
  Import took 0.301157 seconds .

========================================================================
Received Import Request.
  Time since last request: 14.693727 seconds.
  path: Assets/Exit_botten.png
  artifactKey: Guid(ffc3b3dab6fc147c181470497451a74a) Importer(815301076,1909f56bfc062723c751e8b465ee728b)
Start importing Assets/Exit_botten.png using Guid(ffc3b3dab6fc147c181470497451a74a) Importer(815301076,1909f56bfc062723c751e8b465ee728b)  -> (artifact id: 'a14a41c5077476c6940910648559d932') in 0.016557 seconds 
  Import took 0.021147 seconds .

========================================================================
Received Import Request.
  Time since last request: 21.117011 seconds.
  path: Assets/WaterReflectionMainCamera.prefab
  artifactKey: Guid(60a4f75d271bc4771a59e09b92c19cf5) Importer(815301076,1909f56bfc062723c751e8b465ee728b)
Start importing Assets/WaterReflectionMainCamera.prefab using Guid(60a4f75d271bc4771a59e09b92c19cf5) Importer(815301076,1909f56bfc062723c751e8b465ee728b)  -> (artifact id: '87bf82e847edc87e515781647b97e476') in 0.015638 seconds 
  Import took 0.019004 seconds .

========================================================================
Received Import Request.
  Time since last request: 2.392395 seconds.
  path: Assets/Audios
  artifactKey: Guid(392d2dfb2c7d645c1bd58a35860534e5) Importer(815301076,1909f56bfc062723c751e8b465ee728b)
Start importing Assets/Audios using Guid(392d2dfb2c7d645c1bd58a35860534e5) Importer(815301076,1909f56bfc062723c751e8b465ee728b)  -> (artifact id: 'ed2b2990bf1a983b4df6e8b0e3a61ef9') in 0.008703 seconds 
  Import took 0.012724 seconds .

========================================================================
Received Import Request.
  Time since last request: 0.006524 seconds.
  path: Assets/Audios
  artifactKey: Guid(392d2dfb2c7d645c1bd58a35860534e5) Importer(815301076,1909f56bfc062723c751e8b465ee728b)
Start importing Assets/Audios using Guid(392d2dfb2c7d645c1bd58a35860534e5) Importer(815301076,1909f56bfc062723c751e8b465ee728b)  -> (artifact id: 'ed2b2990bf1a983b4df6e8b0e3a61ef9') in 0.002298 seconds 
  Import took 0.005970 seconds .

========================================================================
Received Import Request.
  Time since last request: 0.049924 seconds.
  path: Assets/Audios/45bpmMet.mp3
  artifactKey: Guid(93d2d73e506974b299e0d25327c35eaa) Importer(815301076,1909f56bfc062723c751e8b465ee728b)
Start importing Assets/Audios/45bpmMet.mp3 using Guid(93d2d73e506974b299e0d25327c35eaa) Importer(815301076,1909f56bfc062723c751e8b465ee728b)  -> (artifact id: '76347f31ee033030bc5074be8bbfcafc') in 0.033758 seconds 
  Import took 0.037867 seconds .

========================================================================
Received Import Request.
  Time since last request: 0.000227 seconds.
  path: Assets/Audios/60BpmDrum.mp3
  artifactKey: Guid(4c9391c81cd704bf9b3956fdce4784e9) Importer(815301076,1909f56bfc062723c751e8b465ee728b)
Start importing Assets/Audios/60BpmDrum.mp3 using Guid(4c9391c81cd704bf9b3956fdce4784e9) Importer(815301076,1909f56bfc062723c751e8b465ee728b)  -> (artifact id: '1c3defc14c613cc9ead0d802be8ce127') in 0.014419 seconds 
  Import took 0.017507 seconds .

========================================================================
Received Import Request.
  Time since last request: 0.000267 seconds.
  path: Assets/Audios/60bpmSong.mp3
  artifactKey: Guid(9e700d076254348f3aba05f3883c8c04) Importer(815301076,1909f56bfc062723c751e8b465ee728b)
Start importing Assets/Audios/60bpmSong.mp3 using Guid(9e700d076254348f3aba05f3883c8c04) Importer(815301076,1909f56bfc062723c751e8b465ee728b)  -> (artifact id: '697fa2aa524d7ce08c09db916b54ee45') in 0.020066 seconds 
  Import took 0.024018 seconds .

========================================================================
Received Import Request.
  Time since last request: 0.000318 seconds.
  path: Assets/Audios/mainBGM.mp3
  artifactKey: Guid(a40a3b71453234546abc9614c9506dea) Importer(815301076,1909f56bfc062723c751e8b465ee728b)
Start importing Assets/Audios/mainBGM.mp3 using Guid(a40a3b71453234546abc9614c9506dea) Importer(815301076,1909f56bfc062723c751e8b465ee728b)  -> (artifact id: '7950609c3b7eb76a1bf33213ad98b95a') in 0.017095 seconds 
  Import took 0.021301 seconds .

========================================================================
Received Import Request.
  Time since last request: 0.000500 seconds.
  path: Assets/Audios/60BpmMet.mp3
  artifactKey: Guid(a993b03c65b6945d6809decd7986dba5) Importer(815301076,1909f56bfc062723c751e8b465ee728b)
Start importing Assets/Audios/60BpmMet.mp3 using Guid(a993b03c65b6945d6809decd7986dba5) Importer(815301076,1909f56bfc062723c751e8b465ee728b)  -> (artifact id: '721cb16361dcc10b9b629e39ee50baed') in 0.018390 seconds 
  Import took 0.022732 seconds .

========================================================================
Received Import Request.
  Time since last request: 0.000270 seconds.
  path: Assets/Audios/60bpmSongRemix.mp3
  artifactKey: Guid(a95c944068f2b4c2e8917cfd6c39104a) Importer(815301076,1909f56bfc062723c751e8b465ee728b)
Start importing Assets/Audios/60bpmSongRemix.mp3 using Guid(a95c944068f2b4c2e8917cfd6c39104a) Importer(815301076,1909f56bfc062723c751e8b465ee728b)  -> (artifact id: 'f6d4d4efaa20e56a6d2641c56fe3c3d3') in 0.019060 seconds 
  Import took 0.022847 seconds .

========================================================================
Received Import Request.
  Time since last request: 16.987190 seconds.
  path: Assets/ItemUseImage
  artifactKey: Guid(7dee433a9a4004460abbffe7786aa5a6) Importer(815301076,1909f56bfc062723c751e8b465ee728b)
Start importing Assets/ItemUseImage using Guid(7dee433a9a4004460abbffe7786aa5a6) Importer(815301076,1909f56bfc062723c751e8b465ee728b)  -> (artifact id: '930a37e83f38dfa1a91365b673011415') in 0.011863 seconds 
  Import took 0.016839 seconds .

========================================================================
Received Import Request.
  Time since last request: 12.605742 seconds.
  path: Assets/Scenes/Launcher.unity
  artifactKey: Guid(e6d6d51843e4c4505acf3998bd5afb53) Importer(815301076,1909f56bfc062723c751e8b465ee728b)
Start importing Assets/Scenes/Launcher.unity using Guid(e6d6d51843e4c4505acf3998bd5afb53) Importer(815301076,1909f56bfc062723c751e8b465ee728b)  -> (artifact id: 'f237bec3381743c9b876759baa778e2c') in 0.013515 seconds 
  Import took 0.018472 seconds .

========================================================================
Received Import Request.
  Time since last request: 534.533277 seconds.
  path: Assets/Scripts/BackEndScripts/BackEndManager.cs
  artifactKey: Guid(2c21db29dd27a4db0a72ca3044d04e37) Importer(815301076,1909f56bfc062723c751e8b465ee728b)
Start importing Assets/Scripts/BackEndScripts/BackEndManager.cs using Guid(2c21db29dd27a4db0a72ca3044d04e37) Importer(815301076,1909f56bfc062723c751e8b465ee728b)  -> (artifact id: '3a7c6bf8f16c99501fcc6bbd670b0b66') in 0.013134 seconds 
  Import took 0.017346 seconds .

========================================================================
Received Prepare
Registering precompiled user dll's ...
Registered in 0.021963 seconds.
Begin MonoManager ReloadAssembly
Native extension for WindowsStandalone target not found
Refreshing native plugins compatible for Editor in 0.80 ms, found 2 plugins.
Preloading 0 native plugins for Editor in 0.00 ms.
Mono: successfully reloaded assembly
- Completed reload, in  2.228 seconds
Domain Reload Profiling:
	ReloadAssembly (2229ms)
		BeginReloadAssembly (156ms)
			ExecutionOrderSort (0ms)
			DisableScriptedObjects (5ms)
			BackupInstance (0ms)
			ReleaseScriptingObjects (0ms)
			CreateAndSetChildDomain (43ms)
		EndReloadAssembly (1979ms)
			LoadAssemblies (136ms)
			RebuildTransferFunctionScriptingTraits (0ms)
			SetupTypeCache (501ms)
			ReleaseScriptCaches (1ms)
			RebuildScriptCaches (120ms)
			SetupLoadedEditorAssemblies (573ms)
				LogAssemblyErrors (0ms)
				InitializePlatformSupportModulesInManaged (9ms)
				SetLoadedEditorAssemblies (1ms)
				RefreshPlugins (1ms)
				BeforeProcessingInitializeOnLoad (174ms)
				ProcessInitializeOnLoadAttributes (359ms)
				ProcessInitializeOnLoadMethodAttributes (20ms)
				AfterProcessingInitializeOnLoad (9ms)
				EditorAssembliesLoaded (0ms)
			ExecutionOrderSort2 (0ms)
			AwakeInstancesAfterBackupRestoration (11ms)
Platform modules already initialized, skipping
Refreshing native plugins compatible for Editor in 1.08 ms, found 2 plugins.
Preloading 0 native plugins for Editor in 0.00 ms.
Unloading 2036 Unused Serialized files (Serialized files now loaded: 0)
System memory in use before: 109.1 MB.
System memory in use after: 109.2 MB.

Unloading 27 unused Assets to reduce memory usage. Loaded Objects now: 2565.
Total: 4.373400 ms (FindLiveObjects: 0.278300 ms CreateObjectMapping: 0.131200 ms MarkObjects: 3.922000 ms  DeleteObjects: 0.040100 ms)

AssetImportParameters requested are different than current active one (requested -> active):
  custom:framework-win-MediaFoundation: 216162199b28c13a410421893ffa2e32 -> 
  custom:video-decoder-ogg-theora: a1e56fd34408186e4bbccfd4996cb3dc -> 
  custom:container-muxer-webm: aa71ff27fc2769a1b78a27578f13a17b -> 
  custom:container-demuxer-webm: 4f35f7cbe854078d1ac9338744f61a02 -> 
  custom:container-demuxer-ogg: 62fdf1f143b41e24485cea50d1cbac27 -> 
  custom:video-encoder-webm-vp8: eb34c28f22e8b96e1ab97ce403110664 -> 
  custom:video-decoder-webm-vp8: 9c59270c3fd7afecdb556c50c9e8de78 -> 
  custom:audio-decoder-ogg-vorbis: bf7c407c2cedff20999df2af8eb42d56 -> 
  custom:audio-encoder-webm-vorbis: bf7c407c2cedff20999df2af8eb42d56 -> 
========================================================================
Received Import Request.
  Time since last request: 26.503224 seconds.
  path: Assets/TheBackend/Resources/TheBackendSettings.asset
  artifactKey: Guid(814991bd355454d3491304ce6c460817) Importer(815301076,1909f56bfc062723c751e8b465ee728b)
Start importing Assets/TheBackend/Resources/TheBackendSettings.asset using Guid(814991bd355454d3491304ce6c460817) Importer(815301076,1909f56bfc062723c751e8b465ee728b)  -> (artifact id: '592a31791563acb82a4c0b0e209cfd87') in 0.054433 seconds 
  Import took 0.063751 seconds .

AssetImportWorkerClient::OnTransportError - code=2 error=End of file
